[0.010s] Invoking command in '/home/znbd/ROS2_driver/hkcamera_driver/build/hkcamera_driver': CMAKE_PREFIX_PATH=${CMAKE_PREFIX_PATH}:/opt/ros/humble /usr/bin/cmake --build /home/znbd/ROS2_driver/hkcamera_driver/build/hkcamera_driver -- -j16 -l16
[0.025s] -- Found ament_cmake: 1.3.3 (/opt/ros/humble/share/ament_cmake/cmake)
[0.120s] -- Found rclcpp: 16.0.3 (/opt/ros/humble/share/rclcpp/cmake)
[0.141s] -- Found rosidl_generator_c: 3.1.4 (/opt/ros/humble/share/rosidl_generator_c/cmake)
[0.143s] -- Found rosidl_adapter: 3.1.4 (/opt/ros/humble/share/rosidl_adapter/cmake)
[0.147s] -- Found rosidl_generator_cpp: 3.1.4 (/opt/ros/humble/share/rosidl_generator_cpp/cmake)
[0.155s] -- Using all available rosidl_typesupport_c: rosidl_typesupport_fastrtps_c;rosidl_typesupport_introspection_c
[0.175s] -- Using all available rosidl_typesupport_cpp: rosidl_typesupport_fastrtps_cpp;rosidl_typesupport_introspection_cpp
[0.227s] -- Found rmw_implementation_cmake: 6.1.1 (/opt/ros/humble/share/rmw_implementation_cmake/cmake)
[0.228s] -- Found rmw_cyclonedds_cpp: 1.3.4 (/opt/ros/humble/share/rmw_cyclonedds_cpp/cmake)
[0.250s] -- Using RMW implementation 'rmw_cyclonedds_cpp' as default
[0.369s] -- Found sensor_msgs: 4.2.3 (/opt/ros/humble/share/sensor_msgs/cmake)
[0.468s] -- Found image_transport: 3.1.5 (/opt/ros/humble/share/image_transport/cmake)
[0.499s] -- Found cv_bridge: 3.2.1 (/opt/ros/humble/share/cv_bridge/cmake)
[0.514s] -- Found ament_lint_auto: 0.12.5 (/opt/ros/humble/share/ament_lint_auto/cmake)
[0.574s] -- Added test 'cppcheck' to perform static code analysis on C / C++ code
[0.574s] -- Configured cppcheck include dirs: /home/znbd/ROS2_driver/hkcamera_driver/include
[0.574s] -- Configured cppcheck exclude dirs and/or files: 
[0.576s] -- Added test 'flake8' to check Python code syntax and style conventions
[0.579s] -- Added test 'lint_cmake' to check CMake code style
[0.581s] -- Added test 'pep257' to check Python code against some of the docstring style conventions in PEP 257
[0.593s] -- Added test 'uncrustify' to check C / C++ code style
[0.593s] -- Configured uncrustify additional arguments: 
[0.595s] -- Added test 'xmllint' to check XML markup files
[0.596s] -- Configuring done
[0.711s] -- Generating done
[0.712s] -- Build files have been written to: /home/znbd/ROS2_driver/hkcamera_driver/build/hkcamera_driver
[0.734s] [35m[1mConsolidate compiler generated dependencies of target single_cam_node[0m
[0.734s] [35m[1mConsolidate compiler generated dependencies of target test1[0m
[0.752s] [ 50%] Built target single_cam_node
[0.754s] [ 75%] [32mBuilding CXX object CMakeFiles/test1.dir/src/test1.cpp.o[0m
[4.777s] [100%] [32m[1mLinking CXX executable test1[0m
[5.676s] [100%] Built target test1
[5.686s] Invoked command in '/home/znbd/ROS2_driver/hkcamera_driver/build/hkcamera_driver' returned '0': CMAKE_PREFIX_PATH=${CMAKE_PREFIX_PATH}:/opt/ros/humble /usr/bin/cmake --build /home/znbd/ROS2_driver/hkcamera_driver/build/hkcamera_driver -- -j16 -l16
[5.707s] Invoking command in '/home/znbd/ROS2_driver/hkcamera_driver/build/hkcamera_driver': CMAKE_PREFIX_PATH=${CMAKE_PREFIX_PATH}:/opt/ros/humble /usr/bin/cmake --install /home/znbd/ROS2_driver/hkcamera_driver/build/hkcamera_driver
[5.711s] -- Install configuration: ""
[5.711s] -- Installing: /home/znbd/ROS2_driver/hkcamera_driver/install/hkcamera_driver/lib/hkcamera_driver/single_cam_node
[5.712s] -- Set runtime path of "/home/znbd/ROS2_driver/hkcamera_driver/install/hkcamera_driver/lib/hkcamera_driver/single_cam_node" to ""
[5.712s] -- Installing: /home/znbd/ROS2_driver/hkcamera_driver/install/hkcamera_driver/lib/hkcamera_driver/test1
[5.713s] -- Set runtime path of "/home/znbd/ROS2_driver/hkcamera_driver/install/hkcamera_driver/lib/hkcamera_driver/test1" to ""
[5.713s] -- Up-to-date: /home/znbd/ROS2_driver/hkcamera_driver/install/hkcamera_driver/share/ament_index/resource_index/package_run_dependencies/hkcamera_driver
[5.713s] -- Up-to-date: /home/znbd/ROS2_driver/hkcamera_driver/install/hkcamera_driver/share/ament_index/resource_index/parent_prefix_path/hkcamera_driver
[5.713s] -- Up-to-date: /home/znbd/ROS2_driver/hkcamera_driver/install/hkcamera_driver/share/hkcamera_driver/environment/ament_prefix_path.sh
[5.713s] -- Installing: /home/znbd/ROS2_driver/hkcamera_driver/install/hkcamera_driver/share/hkcamera_driver/environment/ament_prefix_path.dsv
[5.713s] -- Up-to-date: /home/znbd/ROS2_driver/hkcamera_driver/install/hkcamera_driver/share/hkcamera_driver/environment/path.sh
[5.713s] -- Installing: /home/znbd/ROS2_driver/hkcamera_driver/install/hkcamera_driver/share/hkcamera_driver/environment/path.dsv
[5.713s] -- Up-to-date: /home/znbd/ROS2_driver/hkcamera_driver/install/hkcamera_driver/share/hkcamera_driver/local_setup.bash
[5.713s] -- Up-to-date: /home/znbd/ROS2_driver/hkcamera_driver/install/hkcamera_driver/share/hkcamera_driver/local_setup.sh
[5.713s] -- Up-to-date: /home/znbd/ROS2_driver/hkcamera_driver/install/hkcamera_driver/share/hkcamera_driver/local_setup.zsh
[5.713s] -- Installing: /home/znbd/ROS2_driver/hkcamera_driver/install/hkcamera_driver/share/hkcamera_driver/local_setup.dsv
[5.713s] -- Installing: /home/znbd/ROS2_driver/hkcamera_driver/install/hkcamera_driver/share/hkcamera_driver/package.dsv
[5.714s] -- Up-to-date: /home/znbd/ROS2_driver/hkcamera_driver/install/hkcamera_driver/share/ament_index/resource_index/packages/hkcamera_driver
[5.714s] -- Up-to-date: /home/znbd/ROS2_driver/hkcamera_driver/install/hkcamera_driver/share/hkcamera_driver/cmake/hkcamera_driverConfig.cmake
[5.714s] -- Up-to-date: /home/znbd/ROS2_driver/hkcamera_driver/install/hkcamera_driver/share/hkcamera_driver/cmake/hkcamera_driverConfig-version.cmake
[5.714s] -- Up-to-date: /home/znbd/ROS2_driver/hkcamera_driver/install/hkcamera_driver/share/hkcamera_driver/package.xml
[5.715s] Invoked command in '/home/znbd/ROS2_driver/hkcamera_driver/build/hkcamera_driver' returned '0': CMAKE_PREFIX_PATH=${CMAKE_PREFIX_PATH}:/opt/ros/humble /usr/bin/cmake --install /home/znbd/ROS2_driver/hkcamera_driver/build/hkcamera_driver
