[0.000000] (-) TimerEvent: {}
[0.000622] (hkcamera_driver) JobQueued: {'identifier': 'hkcamera_driver', 'dependencies': OrderedDict()}
[0.000672] (hkcamera_driver) JobStarted: {'identifier': 'hkcamera_driver'}
[0.010329] (hkcamera_driver) JobProgress: {'identifier': 'hkcamera_driver', 'progress': 'cmake'}
[0.011567] (hkcamera_driver) JobProgress: {'identifier': 'hkcamera_driver', 'progress': 'build'}
[0.011635] (hkcamera_driver) Command: {'cmd': ['/usr/bin/cmake', '--build', '/home/znbd/ROS2_driver/hkcamera_driver/build/hkcamera_driver', '--', '-j16', '-l16'], 'cwd': '/home/znbd/ROS2_driver/hkcamera_driver/build/hkcamera_driver', 'env': OrderedDict([('GJS_DEBUG_TOPICS', 'JS ERROR;JS LOG'), ('LESSOPEN', '| /usr/bin/lesspipe %s'), ('USER', 'znbd'), ('LC_TIME', 'zh_CN.UTF-8'), ('XDG_SESSION_TYPE', 'x11'), ('GIT_ASKPASS', '/snap/code/122/usr/share/code/resources/app/extensions/git/dist/askpass.sh'), ('SHLVL', '0'), ('RCUTILS_CONSOLE_OUTPUT_FORMAT', '[{severity} {time}] [{name}]: {message} ({function_name}() at {file_name}:{line_number})'), ('LD_LIBRARY_PATH', '/opt/MVS/lib/64:/opt/MVS/lib/32:/opt/MVS/lib/64:/opt/MVS/lib/32:'), ('HOME', '/home/znbd'), ('CHROME_DESKTOP', 'code-url-handler.desktop'), ('TERM_PROGRAM_VERSION', '1.76.2'), ('DESKTOP_SESSION', 'ubuntu'), ('GIO_LAUNCHED_DESKTOP_FILE', '/var/lib/snapd/desktop/applications/code_code.desktop'), ('ROS_PYTHON_VERSION', '3'), ('GNOME_SHELL_SESSION_MODE', 'ubuntu'), ('GTK_MODULES', 'gail:atk-bridge'), ('VSCODE_GIT_ASKPASS_MAIN', '/snap/code/122/usr/share/code/resources/app/extensions/git/dist/askpass-main.js'), ('LC_MONETARY', 'zh_CN.UTF-8'), ('VSCODE_GIT_ASKPASS_NODE', '/snap/code/122/usr/share/code/code'), ('MANAGERPID', '1463'), ('SYSTEMD_EXEC_PID', '1833'), ('DBUS_SESSION_BUS_ADDRESS', 'unix:path=/run/user/1000/bus'), ('COLORTERM', 'truecolor'), ('GIO_LAUNCHED_DESKTOP_FILE_PID', '11339'), ('IM_CONFIG_PHASE', '1'), ('COLCON_PREFIX_PATH', '/home/znbd/applanix_ws/install'), ('ROS_DISTRO', 'humble'), ('GTK_IM_MODULE', 'fcitx'), ('LOGNAME', 'znbd'), ('_', '/usr/bin/colcon'), ('JOURNAL_STREAM', '8:32420'), ('ROS_VERSION', '2'), ('XDG_SESSION_CLASS', 'user'), ('USERNAME', 'znbd'), ('TERM', 'xterm-256color'), ('GNOME_DESKTOP_SESSION_ID', 'this-is-deprecated'), ('ROS_LOCALHOST_ONLY', '0'), ('WINDOWPATH', '2'), ('MVCAM_SDK_PATH', '/opt/MVS'), ('PATH', '/home/znbd/.local/bin:/usr/local/sbin:/usr/local/bin:/usr/sbin:/usr/bin:/sbin:/bin:/usr/games:/usr/local/games:/snap/bin:/snap/bin'), ('SESSION_MANAGER', 'local/znbd-Nuvo-8108GC-Series:@/tmp/.ICE-unix/1807,unix/znbd-Nuvo-8108GC-Series:/tmp/.ICE-unix/1807'), ('INVOCATION_ID', '5548c37950054367b72b7df3c4356821'), ('XDG_MENU_PREFIX', 'gnome-'), ('LC_ADDRESS', 'zh_CN.UTF-8'), ('BAMF_DESKTOP_FILE_HINT', '/var/lib/snapd/desktop/applications/code_code.desktop'), ('XDG_RUNTIME_DIR', '/run/user/1000'), ('GDK_BACKEND', 'x11'), ('DISPLAY', ':0'), ('LANG', 'en_US.UTF-8'), ('XDG_CURRENT_DESKTOP', 'Unity'), ('LC_TELEPHONE', 'zh_CN.UTF-8'), ('RMW_IMPLEMENTATION', 'rmw_cyclonedds_cpp'), ('XMODIFIERS', '@im=fcitx'), ('XDG_SESSION_DESKTOP', 'ubuntu'), ('XAUTHORITY', '/run/user/1000/gdm/Xauthority'), ('VSCODE_GIT_IPC_HANDLE', '/run/user/1000/vscode-git-cda87bf893.sock'), ('TERM_PROGRAM', 'vscode'), ('SSH_AGENT_LAUNCHER', 'gnome-keyring'), ('SSH_AUTH_SOCK', '/run/user/1000/keyring/ssh'), ('GSETTINGS_SCHEMA_DIR', '/snap/code/122/usr/share/glib-2.0/schemas'), ('AMENT_PREFIX_PATH', '/home/znbd/applanix_ws/install/applanix_msgs:/opt/ros/humble'), ('ORIGINAL_XDG_CURRENT_DESKTOP', 'ubuntu:GNOME'), ('SHELL', '/bin/bash'), ('LC_NAME', 'zh_CN.UTF-8'), ('QT_ACCESSIBILITY', '1'), ('NO_AT_BRIDGE', '1'), ('GDMSESSION', 'ubuntu'), ('LESSCLOSE', '/usr/bin/lesspipe %s %s'), ('LC_MEASUREMENT', 'zh_CN.UTF-8'), ('GPG_AGENT_INFO', '/run/user/1000/gnupg/S.gpg-agent:0:1'), ('GJS_DEBUG_OUTPUT', 'stderr'), ('LC_IDENTIFICATION', 'zh_CN.UTF-8'), ('VSCODE_GIT_ASKPASS_EXTRA_ARGS', '--ms-enable-electron-run-as-node'), ('QT_IM_MODULE', 'fcitx'), ('PWD', '/home/znbd/ROS2_driver/hkcamera_driver/build/hkcamera_driver'), ('XDG_CONFIG_DIRS', '/etc/xdg/xdg-ubuntu:/etc/xdg'), ('CLUTTER_IM_MODULE', 'fcitx'), ('RCUTILS_COLORIZED_OUTPUT', '1'), ('XDG_DATA_DIRS', '/usr/share/ubuntu:/usr/share/gnome:/usr/local/share/:/usr/share/:/var/lib/snapd/desktop'), ('PYTHONPATH', '/home/znbd/applanix_ws/install/applanix_msgs/local/lib/python3.10/dist-packages:/opt/ros/humble/lib/python3.10/site-packages:/opt/ros/humble/local/lib/python3.10/dist-packages'), ('LC_NUMERIC', 'zh_CN.UTF-8'), ('LC_PAPER', 'zh_CN.UTF-8'), ('COLCON', '1'), ('CMAKE_PREFIX_PATH', '/home/znbd/applanix_ws/install/applanix_msgs:/opt/ros/humble'), ('MVCAM_COMMON_RUNENV', '/opt/MVS/lib')]), 'shell': False}
[0.051894] (hkcamera_driver) StdoutLine: {'line': b'\x1b[35m\x1b[1mConsolidate compiler generated dependencies of target single_cam_node\x1b[0m\n'}
[0.072105] (hkcamera_driver) StdoutLine: {'line': b'[ 50%] \x1b[32mBuilding CXX object CMakeFiles/single_cam_node.dir/src/single_cam_node.cpp.o\x1b[0m\n'}
[0.099985] (-) TimerEvent: {}
[0.200209] (-) TimerEvent: {}
[0.300469] (-) TimerEvent: {}
[0.400953] (-) TimerEvent: {}
[0.501204] (-) TimerEvent: {}
[0.601455] (-) TimerEvent: {}
[0.701711] (-) TimerEvent: {}
[0.801958] (-) TimerEvent: {}
[0.902207] (-) TimerEvent: {}
[1.002455] (-) TimerEvent: {}
[1.102667] (-) TimerEvent: {}
[1.202886] (-) TimerEvent: {}
[1.303138] (-) TimerEvent: {}
[1.403384] (-) TimerEvent: {}
[1.503629] (-) TimerEvent: {}
[1.603864] (-) TimerEvent: {}
[1.704076] (-) TimerEvent: {}
[1.804315] (-) TimerEvent: {}
[1.904565] (-) TimerEvent: {}
[2.004822] (-) TimerEvent: {}
[2.105072] (-) TimerEvent: {}
[2.205339] (-) TimerEvent: {}
[2.305597] (-) TimerEvent: {}
[2.405861] (-) TimerEvent: {}
[2.506127] (-) TimerEvent: {}
[2.606378] (-) TimerEvent: {}
[2.678612] (hkcamera_driver) StderrLine: {'line': b'\x1b[01m\x1b[K/home/znbd/ROS2_driver/hkcamera_driver/src/single_cam_node.cpp:100:50:\x1b[m\x1b[K \x1b[01;35m\x1b[Kwarning: \x1b[m\x1b[Kmissing initializer for member \xe2\x80\x98\x1b[01m\x1b[K_MV_PIXEL_CONVERT_PARAM_T_::nHeight\x1b[m\x1b[K\xe2\x80\x99 [\x1b[01;35m\x1b[K\x1b]8;;https://gcc.gnu.org/onlinedocs/gcc/Warning-Options.html#index-Wmissing-field-initializers\x07-Wmissing-field-initializers\x1b]8;;\x07\x1b[m\x1b[K]\n'}
[2.678776] (hkcamera_driver) StderrLine: {'line': b'  100 |     MV_CC_PIXEL_CONVERT_PARAM stConvertParam = {0\x1b[01;35m\x1b[K}\x1b[m\x1b[K;\n'}
[2.678838] (hkcamera_driver) StderrLine: {'line': b'      |                                                  \x1b[01;35m\x1b[K^\x1b[m\x1b[K\n'}
[2.678891] (hkcamera_driver) StderrLine: {'line': b'\x1b[01m\x1b[K/home/znbd/ROS2_driver/hkcamera_driver/src/single_cam_node.cpp:100:50:\x1b[m\x1b[K \x1b[01;35m\x1b[Kwarning: \x1b[m\x1b[Kmissing initializer for member \xe2\x80\x98\x1b[01m\x1b[K_MV_PIXEL_CONVERT_PARAM_T_::enSrcPixelType\x1b[m\x1b[K\xe2\x80\x99 [\x1b[01;35m\x1b[K\x1b]8;;https://gcc.gnu.org/onlinedocs/gcc/Warning-Options.html#index-Wmissing-field-initializers\x07-Wmissing-field-initializers\x1b]8;;\x07\x1b[m\x1b[K]\n'}
[2.678945] (hkcamera_driver) StderrLine: {'line': b'\x1b[01m\x1b[K/home/znbd/ROS2_driver/hkcamera_driver/src/single_cam_node.cpp:100:50:\x1b[m\x1b[K \x1b[01;35m\x1b[Kwarning: \x1b[m\x1b[Kmissing initializer for member \xe2\x80\x98\x1b[01m\x1b[K_MV_PIXEL_CONVERT_PARAM_T_::pSrcData\x1b[m\x1b[K\xe2\x80\x99 [\x1b[01;35m\x1b[K\x1b]8;;https://gcc.gnu.org/onlinedocs/gcc/Warning-Options.html#index-Wmissing-field-initializers\x07-Wmissing-field-initializers\x1b]8;;\x07\x1b[m\x1b[K]\n'}
[2.678999] (hkcamera_driver) StderrLine: {'line': b'\x1b[01m\x1b[K/home/znbd/ROS2_driver/hkcamera_driver/src/single_cam_node.cpp:100:50:\x1b[m\x1b[K \x1b[01;35m\x1b[Kwarning: \x1b[m\x1b[Kmissing initializer for member \xe2\x80\x98\x1b[01m\x1b[K_MV_PIXEL_CONVERT_PARAM_T_::nSrcDataLen\x1b[m\x1b[K\xe2\x80\x99 [\x1b[01;35m\x1b[K\x1b]8;;https://gcc.gnu.org/onlinedocs/gcc/Warning-Options.html#index-Wmissing-field-initializers\x07-Wmissing-field-initializers\x1b]8;;\x07\x1b[m\x1b[K]\n'}
[2.679055] (hkcamera_driver) StderrLine: {'line': b'\x1b[01m\x1b[K/home/znbd/ROS2_driver/hkcamera_driver/src/single_cam_node.cpp:100:50:\x1b[m\x1b[K \x1b[01;35m\x1b[Kwarning: \x1b[m\x1b[Kmissing initializer for member \xe2\x80\x98\x1b[01m\x1b[K_MV_PIXEL_CONVERT_PARAM_T_::enDstPixelType\x1b[m\x1b[K\xe2\x80\x99 [\x1b[01;35m\x1b[K\x1b]8;;https://gcc.gnu.org/onlinedocs/gcc/Warning-Options.html#index-Wmissing-field-initializers\x07-Wmissing-field-initializers\x1b]8;;\x07\x1b[m\x1b[K]\n'}
[2.679111] (hkcamera_driver) StderrLine: {'line': b'\x1b[01m\x1b[K/home/znbd/ROS2_driver/hkcamera_driver/src/single_cam_node.cpp:100:50:\x1b[m\x1b[K \x1b[01;35m\x1b[Kwarning: \x1b[m\x1b[Kmissing initializer for member \xe2\x80\x98\x1b[01m\x1b[K_MV_PIXEL_CONVERT_PARAM_T_::pDstBuffer\x1b[m\x1b[K\xe2\x80\x99 [\x1b[01;35m\x1b[K\x1b]8;;https://gcc.gnu.org/onlinedocs/gcc/Warning-Options.html#index-Wmissing-field-initializers\x07-Wmissing-field-initializers\x1b]8;;\x07\x1b[m\x1b[K]\n'}
[2.679161] (hkcamera_driver) StderrLine: {'line': b'\x1b[01m\x1b[K/home/znbd/ROS2_driver/hkcamera_driver/src/single_cam_node.cpp:100:50:\x1b[m\x1b[K \x1b[01;35m\x1b[Kwarning: \x1b[m\x1b[Kmissing initializer for member \xe2\x80\x98\x1b[01m\x1b[K_MV_PIXEL_CONVERT_PARAM_T_::nDstLen\x1b[m\x1b[K\xe2\x80\x99 [\x1b[01;35m\x1b[K\x1b]8;;https://gcc.gnu.org/onlinedocs/gcc/Warning-Options.html#index-Wmissing-field-initializers\x07-Wmissing-field-initializers\x1b]8;;\x07\x1b[m\x1b[K]\n'}
[2.679214] (hkcamera_driver) StderrLine: {'line': b'\x1b[01m\x1b[K/home/znbd/ROS2_driver/hkcamera_driver/src/single_cam_node.cpp:100:50:\x1b[m\x1b[K \x1b[01;35m\x1b[Kwarning: \x1b[m\x1b[Kmissing initializer for member \xe2\x80\x98\x1b[01m\x1b[K_MV_PIXEL_CONVERT_PARAM_T_::nDstBufferSize\x1b[m\x1b[K\xe2\x80\x99 [\x1b[01;35m\x1b[K\x1b]8;;https://gcc.gnu.org/onlinedocs/gcc/Warning-Options.html#index-Wmissing-field-initializers\x07-Wmissing-field-initializers\x1b]8;;\x07\x1b[m\x1b[K]\n'}
[2.679265] (hkcamera_driver) StderrLine: {'line': b'\x1b[01m\x1b[K/home/znbd/ROS2_driver/hkcamera_driver/src/single_cam_node.cpp:100:50:\x1b[m\x1b[K \x1b[01;35m\x1b[Kwarning: \x1b[m\x1b[Kmissing initializer for member \xe2\x80\x98\x1b[01m\x1b[K_MV_PIXEL_CONVERT_PARAM_T_::nRes\x1b[m\x1b[K\xe2\x80\x99 [\x1b[01;35m\x1b[K\x1b]8;;https://gcc.gnu.org/onlinedocs/gcc/Warning-Options.html#index-Wmissing-field-initializers\x07-Wmissing-field-initializers\x1b]8;;\x07\x1b[m\x1b[K]\n'}
[2.680677] (hkcamera_driver) StderrLine: {'line': b'\x1b[01m\x1b[K/home/znbd/ROS2_driver/hkcamera_driver/src/single_cam_node.cpp:\x1b[m\x1b[K In member function \xe2\x80\x98\x1b[01m\x1b[Kvoid HIKRobotSingleCameraPublisher::find_and_select_camera()\x1b[m\x1b[K\xe2\x80\x99:\n'}
[2.680758] (hkcamera_driver) StderrLine: {'line': b'\x1b[01m\x1b[K/home/znbd/ROS2_driver/hkcamera_driver/src/single_cam_node.cpp:178:21:\x1b[m\x1b[K \x1b[01;35m\x1b[Kwarning: \x1b[m\x1b[Kformat \xe2\x80\x98\x1b[01m\x1b[K%d\x1b[m\x1b[K\xe2\x80\x99 expects argument of type \xe2\x80\x98\x1b[01m\x1b[Kint*\x1b[m\x1b[K\xe2\x80\x99, but argument 2 has type \xe2\x80\x98\x1b[01m\x1b[Kunsigned int*\x1b[m\x1b[K\xe2\x80\x99 [\x1b[01;35m\x1b[K\x1b]8;;https://gcc.gnu.org/onlinedocs/gcc/Warning-Options.html#index-Wformat=\x07-Wformat=\x1b]8;;\x07\x1b[m\x1b[K]\n'}
[2.680823] (hkcamera_driver) StderrLine: {'line': b'  178 |             scanf("\x1b[01;35m\x1b[K%d\x1b[m\x1b[K", \x1b[32m\x1b[K&nIndex\x1b[m\x1b[K);\n'}
[2.680876] (hkcamera_driver) StderrLine: {'line': b'      |                    \x1b[01;35m\x1b[K~^\x1b[m\x1b[K   \x1b[32m\x1b[K~~~~~~~\x1b[m\x1b[K\n'}
[2.680931] (hkcamera_driver) StderrLine: {'line': b'      |                     \x1b[01;35m\x1b[K|\x1b[m\x1b[K   \x1b[32m\x1b[K|\x1b[m\x1b[K\n'}
[2.680980] (hkcamera_driver) StderrLine: {'line': b'      |                     \x1b[01;35m\x1b[K|\x1b[m\x1b[K   \x1b[32m\x1b[Kunsigned int*\x1b[m\x1b[K\n'}
[2.681049] (hkcamera_driver) StderrLine: {'line': b'      |                     \x1b[01;35m\x1b[Kint*\x1b[m\x1b[K\n'}
[2.681096] (hkcamera_driver) StderrLine: {'line': b'      |                    \x1b[32m\x1b[K%d\x1b[m\x1b[K\n'}
[2.706461] (-) TimerEvent: {}
[2.806703] (-) TimerEvent: {}
[2.906966] (-) TimerEvent: {}
[3.007216] (-) TimerEvent: {}
[3.107451] (-) TimerEvent: {}
[3.207695] (-) TimerEvent: {}
[3.307945] (-) TimerEvent: {}
[3.408203] (-) TimerEvent: {}
[3.477952] (hkcamera_driver) StdoutLine: {'line': b'[100%] \x1b[32m\x1b[1mLinking CXX executable single_cam_node\x1b[0m\n'}
[3.508320] (-) TimerEvent: {}
[3.608566] (-) TimerEvent: {}
[3.708811] (-) TimerEvent: {}
[3.809067] (-) TimerEvent: {}
[3.909320] (-) TimerEvent: {}
[4.009577] (-) TimerEvent: {}
[4.109823] (-) TimerEvent: {}
[4.210078] (-) TimerEvent: {}
[4.289863] (hkcamera_driver) StdoutLine: {'line': b'[100%] Built target single_cam_node\n'}
[4.299810] (hkcamera_driver) CommandEnded: {'returncode': 0}
[4.310141] (-) TimerEvent: {}
[4.312643] (hkcamera_driver) JobProgress: {'identifier': 'hkcamera_driver', 'progress': 'install'}
[4.318245] (hkcamera_driver) Command: {'cmd': ['/usr/bin/cmake', '--install', '/home/znbd/ROS2_driver/hkcamera_driver/build/hkcamera_driver'], 'cwd': '/home/znbd/ROS2_driver/hkcamera_driver/build/hkcamera_driver', 'env': OrderedDict([('GJS_DEBUG_TOPICS', 'JS ERROR;JS LOG'), ('LESSOPEN', '| /usr/bin/lesspipe %s'), ('USER', 'znbd'), ('LC_TIME', 'zh_CN.UTF-8'), ('XDG_SESSION_TYPE', 'x11'), ('GIT_ASKPASS', '/snap/code/122/usr/share/code/resources/app/extensions/git/dist/askpass.sh'), ('SHLVL', '0'), ('RCUTILS_CONSOLE_OUTPUT_FORMAT', '[{severity} {time}] [{name}]: {message} ({function_name}() at {file_name}:{line_number})'), ('LD_LIBRARY_PATH', '/opt/MVS/lib/64:/opt/MVS/lib/32:/opt/MVS/lib/64:/opt/MVS/lib/32:'), ('HOME', '/home/znbd'), ('CHROME_DESKTOP', 'code-url-handler.desktop'), ('TERM_PROGRAM_VERSION', '1.76.2'), ('DESKTOP_SESSION', 'ubuntu'), ('GIO_LAUNCHED_DESKTOP_FILE', '/var/lib/snapd/desktop/applications/code_code.desktop'), ('ROS_PYTHON_VERSION', '3'), ('GNOME_SHELL_SESSION_MODE', 'ubuntu'), ('GTK_MODULES', 'gail:atk-bridge'), ('VSCODE_GIT_ASKPASS_MAIN', '/snap/code/122/usr/share/code/resources/app/extensions/git/dist/askpass-main.js'), ('LC_MONETARY', 'zh_CN.UTF-8'), ('VSCODE_GIT_ASKPASS_NODE', '/snap/code/122/usr/share/code/code'), ('MANAGERPID', '1463'), ('SYSTEMD_EXEC_PID', '1833'), ('DBUS_SESSION_BUS_ADDRESS', 'unix:path=/run/user/1000/bus'), ('COLORTERM', 'truecolor'), ('GIO_LAUNCHED_DESKTOP_FILE_PID', '11339'), ('IM_CONFIG_PHASE', '1'), ('COLCON_PREFIX_PATH', '/home/znbd/applanix_ws/install'), ('ROS_DISTRO', 'humble'), ('GTK_IM_MODULE', 'fcitx'), ('LOGNAME', 'znbd'), ('_', '/usr/bin/colcon'), ('JOURNAL_STREAM', '8:32420'), ('ROS_VERSION', '2'), ('XDG_SESSION_CLASS', 'user'), ('USERNAME', 'znbd'), ('TERM', 'xterm-256color'), ('GNOME_DESKTOP_SESSION_ID', 'this-is-deprecated'), ('ROS_LOCALHOST_ONLY', '0'), ('WINDOWPATH', '2'), ('MVCAM_SDK_PATH', '/opt/MVS'), ('PATH', '/home/znbd/.local/bin:/usr/local/sbin:/usr/local/bin:/usr/sbin:/usr/bin:/sbin:/bin:/usr/games:/usr/local/games:/snap/bin:/snap/bin'), ('SESSION_MANAGER', 'local/znbd-Nuvo-8108GC-Series:@/tmp/.ICE-unix/1807,unix/znbd-Nuvo-8108GC-Series:/tmp/.ICE-unix/1807'), ('INVOCATION_ID', '5548c37950054367b72b7df3c4356821'), ('XDG_MENU_PREFIX', 'gnome-'), ('LC_ADDRESS', 'zh_CN.UTF-8'), ('BAMF_DESKTOP_FILE_HINT', '/var/lib/snapd/desktop/applications/code_code.desktop'), ('XDG_RUNTIME_DIR', '/run/user/1000'), ('GDK_BACKEND', 'x11'), ('DISPLAY', ':0'), ('LANG', 'en_US.UTF-8'), ('XDG_CURRENT_DESKTOP', 'Unity'), ('LC_TELEPHONE', 'zh_CN.UTF-8'), ('RMW_IMPLEMENTATION', 'rmw_cyclonedds_cpp'), ('XMODIFIERS', '@im=fcitx'), ('XDG_SESSION_DESKTOP', 'ubuntu'), ('XAUTHORITY', '/run/user/1000/gdm/Xauthority'), ('VSCODE_GIT_IPC_HANDLE', '/run/user/1000/vscode-git-cda87bf893.sock'), ('TERM_PROGRAM', 'vscode'), ('SSH_AGENT_LAUNCHER', 'gnome-keyring'), ('SSH_AUTH_SOCK', '/run/user/1000/keyring/ssh'), ('GSETTINGS_SCHEMA_DIR', '/snap/code/122/usr/share/glib-2.0/schemas'), ('AMENT_PREFIX_PATH', '/home/znbd/applanix_ws/install/applanix_msgs:/opt/ros/humble'), ('ORIGINAL_XDG_CURRENT_DESKTOP', 'ubuntu:GNOME'), ('SHELL', '/bin/bash'), ('LC_NAME', 'zh_CN.UTF-8'), ('QT_ACCESSIBILITY', '1'), ('NO_AT_BRIDGE', '1'), ('GDMSESSION', 'ubuntu'), ('LESSCLOSE', '/usr/bin/lesspipe %s %s'), ('LC_MEASUREMENT', 'zh_CN.UTF-8'), ('GPG_AGENT_INFO', '/run/user/1000/gnupg/S.gpg-agent:0:1'), ('GJS_DEBUG_OUTPUT', 'stderr'), ('LC_IDENTIFICATION', 'zh_CN.UTF-8'), ('VSCODE_GIT_ASKPASS_EXTRA_ARGS', '--ms-enable-electron-run-as-node'), ('QT_IM_MODULE', 'fcitx'), ('PWD', '/home/znbd/ROS2_driver/hkcamera_driver/build/hkcamera_driver'), ('XDG_CONFIG_DIRS', '/etc/xdg/xdg-ubuntu:/etc/xdg'), ('CLUTTER_IM_MODULE', 'fcitx'), ('RCUTILS_COLORIZED_OUTPUT', '1'), ('XDG_DATA_DIRS', '/usr/share/ubuntu:/usr/share/gnome:/usr/local/share/:/usr/share/:/var/lib/snapd/desktop'), ('PYTHONPATH', '/home/znbd/applanix_ws/install/applanix_msgs/local/lib/python3.10/dist-packages:/opt/ros/humble/lib/python3.10/site-packages:/opt/ros/humble/local/lib/python3.10/dist-packages'), ('LC_NUMERIC', 'zh_CN.UTF-8'), ('LC_PAPER', 'zh_CN.UTF-8'), ('COLCON', '1'), ('CMAKE_PREFIX_PATH', '/home/znbd/applanix_ws/install/applanix_msgs:/opt/ros/humble'), ('MVCAM_COMMON_RUNENV', '/opt/MVS/lib')]), 'shell': False}
[4.322265] (hkcamera_driver) StdoutLine: {'line': b'-- Install configuration: ""\n'}
[4.322402] (hkcamera_driver) StdoutLine: {'line': b'-- Installing: /home/znbd/ROS2_driver/hkcamera_driver/install/hkcamera_driver/lib/hkcamera_driver/single_cam_node\n'}
[4.322942] (hkcamera_driver) StdoutLine: {'line': b'-- Set runtime path of "/home/znbd/ROS2_driver/hkcamera_driver/install/hkcamera_driver/lib/hkcamera_driver/single_cam_node" to ""\n'}
[4.323000] (hkcamera_driver) StdoutLine: {'line': b'-- Up-to-date: /home/znbd/ROS2_driver/hkcamera_driver/install/hkcamera_driver/share/ament_index/resource_index/package_run_dependencies/hkcamera_driver\n'}
[4.323116] (hkcamera_driver) StdoutLine: {'line': b'-- Up-to-date: /home/znbd/ROS2_driver/hkcamera_driver/install/hkcamera_driver/share/ament_index/resource_index/parent_prefix_path/hkcamera_driver\n'}
[4.323216] (hkcamera_driver) StdoutLine: {'line': b'-- Up-to-date: /home/znbd/ROS2_driver/hkcamera_driver/install/hkcamera_driver/share/hkcamera_driver/environment/ament_prefix_path.sh\n'}
[4.323271] (hkcamera_driver) StdoutLine: {'line': b'-- Up-to-date: /home/znbd/ROS2_driver/hkcamera_driver/install/hkcamera_driver/share/hkcamera_driver/environment/ament_prefix_path.dsv\n'}
[4.323320] (hkcamera_driver) StdoutLine: {'line': b'-- Up-to-date: /home/znbd/ROS2_driver/hkcamera_driver/install/hkcamera_driver/share/hkcamera_driver/environment/path.sh\n'}
[4.323396] (hkcamera_driver) StdoutLine: {'line': b'-- Up-to-date: /home/znbd/ROS2_driver/hkcamera_driver/install/hkcamera_driver/share/hkcamera_driver/environment/path.dsv\n'}
[4.323455] (hkcamera_driver) StdoutLine: {'line': b'-- Up-to-date: /home/znbd/ROS2_driver/hkcamera_driver/install/hkcamera_driver/share/hkcamera_driver/local_setup.bash\n'}
[4.323501] (hkcamera_driver) StdoutLine: {'line': b'-- Up-to-date: /home/znbd/ROS2_driver/hkcamera_driver/install/hkcamera_driver/share/hkcamera_driver/local_setup.sh\n'}
[4.323548] (hkcamera_driver) StdoutLine: {'line': b'-- Up-to-date: /home/znbd/ROS2_driver/hkcamera_driver/install/hkcamera_driver/share/hkcamera_driver/local_setup.zsh\n'}
[4.323594] (hkcamera_driver) StdoutLine: {'line': b'-- Up-to-date: /home/znbd/ROS2_driver/hkcamera_driver/install/hkcamera_driver/share/hkcamera_driver/local_setup.dsv\n'}
[4.323639] (hkcamera_driver) StdoutLine: {'line': b'-- Installing: /home/znbd/ROS2_driver/hkcamera_driver/install/hkcamera_driver/share/hkcamera_driver/package.dsv\n'}
[4.323684] (hkcamera_driver) StdoutLine: {'line': b'-- Up-to-date: /home/znbd/ROS2_driver/hkcamera_driver/install/hkcamera_driver/share/ament_index/resource_index/packages/hkcamera_driver\n'}
[4.323729] (hkcamera_driver) StdoutLine: {'line': b'-- Up-to-date: /home/znbd/ROS2_driver/hkcamera_driver/install/hkcamera_driver/share/hkcamera_driver/cmake/hkcamera_driverConfig.cmake\n'}
[4.323774] (hkcamera_driver) StdoutLine: {'line': b'-- Up-to-date: /home/znbd/ROS2_driver/hkcamera_driver/install/hkcamera_driver/share/hkcamera_driver/cmake/hkcamera_driverConfig-version.cmake\n'}
[4.323841] (hkcamera_driver) StdoutLine: {'line': b'-- Up-to-date: /home/znbd/ROS2_driver/hkcamera_driver/install/hkcamera_driver/share/hkcamera_driver/package.xml\n'}
[4.325195] (hkcamera_driver) CommandEnded: {'returncode': 0}
[4.369150] (hkcamera_driver) JobEnded: {'identifier': 'hkcamera_driver', 'rc': 0}
[4.369864] (-) EventReactorShutdown: {}
