[0.010s] Invoking command in '/home/znbd/ROS2_driver/hkcamera_driver/build/hkcamera_driver': CMAKE_PREFIX_PATH=${CMAKE_PREFIX_PATH}:/opt/ros/humble /usr/bin/cmake --build /home/znbd/ROS2_driver/hkcamera_driver/build/hkcamera_driver -- -j16 -l16
[0.038s] [35m[1mConsolidate compiler generated dependencies of target single_cam_node[0m
[0.054s] [100%] Built target single_cam_node
[0.061s] Invoked command in '/home/znbd/ROS2_driver/hkcamera_driver/build/hkcamera_driver' returned '0': CMAKE_PREFIX_PATH=${CMAKE_PREFIX_PATH}:/opt/ros/humble /usr/bin/cmake --build /home/znbd/ROS2_driver/hkcamera_driver/build/hkcamera_driver -- -j16 -l16
[0.087s] Invoking command in '/home/znbd/ROS2_driver/hkcamera_driver/build/hkcamera_driver': CMAKE_PREFIX_PATH=${CMAKE_PREFIX_PATH}:/opt/ros/humble /usr/bin/cmake --install /home/znbd/ROS2_driver/hkcamera_driver/build/hkcamera_driver
[0.093s] -- Install configuration: ""
[0.093s] -- Up-to-date: /home/znbd/ROS2_driver/hkcamera_driver/install/hkcamera_driver/lib/hkcamera_driver/single_cam_node
[0.093s] -- Up-to-date: /home/znbd/ROS2_driver/hkcamera_driver/install/hkcamera_driver/share/ament_index/resource_index/package_run_dependencies/hkcamera_driver
[0.093s] -- Up-to-date: /home/znbd/ROS2_driver/hkcamera_driver/install/hkcamera_driver/share/ament_index/resource_index/parent_prefix_path/hkcamera_driver
[0.093s] -- Up-to-date: /home/znbd/ROS2_driver/hkcamera_driver/install/hkcamera_driver/share/hkcamera_driver/environment/ament_prefix_path.sh
[0.094s] -- Up-to-date: /home/znbd/ROS2_driver/hkcamera_driver/install/hkcamera_driver/share/hkcamera_driver/environment/ament_prefix_path.dsv
[0.094s] -- Up-to-date: /home/znbd/ROS2_driver/hkcamera_driver/install/hkcamera_driver/share/hkcamera_driver/environment/path.sh
[0.094s] -- Up-to-date: /home/znbd/ROS2_driver/hkcamera_driver/install/hkcamera_driver/share/hkcamera_driver/environment/path.dsv
[0.094s] -- Up-to-date: /home/znbd/ROS2_driver/hkcamera_driver/install/hkcamera_driver/share/hkcamera_driver/local_setup.bash
[0.094s] -- Up-to-date: /home/znbd/ROS2_driver/hkcamera_driver/install/hkcamera_driver/share/hkcamera_driver/local_setup.sh
[0.094s] -- Up-to-date: /home/znbd/ROS2_driver/hkcamera_driver/install/hkcamera_driver/share/hkcamera_driver/local_setup.zsh
[0.094s] -- Up-to-date: /home/znbd/ROS2_driver/hkcamera_driver/install/hkcamera_driver/share/hkcamera_driver/local_setup.dsv
[0.094s] -- Installing: /home/znbd/ROS2_driver/hkcamera_driver/install/hkcamera_driver/share/hkcamera_driver/package.dsv
[0.094s] -- Up-to-date: /home/znbd/ROS2_driver/hkcamera_driver/install/hkcamera_driver/share/ament_index/resource_index/packages/hkcamera_driver
[0.094s] -- Up-to-date: /home/znbd/ROS2_driver/hkcamera_driver/install/hkcamera_driver/share/hkcamera_driver/cmake/hkcamera_driverConfig.cmake
[0.094s] -- Up-to-date: /home/znbd/ROS2_driver/hkcamera_driver/install/hkcamera_driver/share/hkcamera_driver/cmake/hkcamera_driverConfig-version.cmake
[0.094s] -- Up-to-date: /home/znbd/ROS2_driver/hkcamera_driver/install/hkcamera_driver/share/hkcamera_driver/package.xml
[0.095s] Invoked command in '/home/znbd/ROS2_driver/hkcamera_driver/build/hkcamera_driver' returned '0': CMAKE_PREFIX_PATH=${CMAKE_PREFIX_PATH}:/opt/ros/humble /usr/bin/cmake --install /home/znbd/ROS2_driver/hkcamera_driver/build/hkcamera_driver
