[0.274s] DEBUG:colcon:Command line arguments: ['/usr/bin/colcon', 'build']
[0.274s] DEBUG:colcon:Parsed command line arguments: Namespace(log_base=None, log_level=None, verb_name='build', build_base='build', install_base='install', merge_install=False, symlink_install=False, test_result_base=None, continue_on_error=False, executor='parallel', parallel_workers=16, event_handlers=None, ignore_user_meta=False, metas=['./colcon.meta'], base_paths=['.'], packages_ignore=None, packages_ignore_regex=None, paths=None, packages_up_to=None, packages_up_to_regex=None, packages_above=None, packages_above_and_dependencies=None, packages_above_depth=None, packages_select_by_dep=None, packages_skip_by_dep=None, packages_skip_up_to=None, packages_select_build_failed=False, packages_skip_build_finished=False, packages_select_test_failures=False, packages_skip_test_passed=False, packages_select=None, packages_skip=None, packages_select_regex=None, packages_skip_regex=None, packages_start=None, packages_end=None, allow_overriding=[], cmake_args=None, cmake_target=None, cmake_target_skip_unavailable=False, cmake_clean_cache=False, cmake_clean_first=False, cmake_force_configure=False, ament_cmake_args=None, catkin_cmake_args=None, catkin_skip_building_tests=False, mixin_files=None, mixin=None, verb_parser=<colcon_mixin.mixin.mixin_argument.MixinArgumentDecorator object at 0x7f31ca64ebc0>, verb_extension=<colcon_core.verb.build.BuildVerb object at 0x7f31cb04dbd0>, main=<bound method BuildVerb.main of <colcon_core.verb.build.BuildVerb object at 0x7f31cb04dbd0>>, mixin_verb=('build',))
[0.291s] Level 1:colcon.colcon_core.package_discovery:discover_packages(colcon_meta) check parameters
[0.291s] Level 1:colcon.colcon_core.package_discovery:discover_packages(recursive) check parameters
[0.291s] Level 1:colcon.colcon_core.package_discovery:discover_packages(ignore) check parameters
[0.291s] Level 1:colcon.colcon_core.package_discovery:discover_packages(path) check parameters
[0.291s] Level 1:colcon.colcon_core.package_discovery:discover_packages(colcon_meta) discover
[0.291s] Level 1:colcon.colcon_core.package_discovery:discover_packages(recursive) discover
[0.291s] INFO:colcon.colcon_core.package_discovery:Crawling recursively for packages in '/home/znbd/ROS2_driver/hkcamera_driver'
[0.291s] Level 1:colcon.colcon_core.package_identification:_identify(.) by extensions ['ignore', 'ignore_ament_install']
[0.292s] Level 1:colcon.colcon_core.package_identification:_identify(.) by extension 'ignore'
[0.292s] Level 1:colcon.colcon_core.package_identification:_identify(.) by extension 'ignore_ament_install'
[0.292s] Level 1:colcon.colcon_core.package_identification:_identify(.) by extensions ['colcon_pkg']
[0.292s] Level 1:colcon.colcon_core.package_identification:_identify(.) by extension 'colcon_pkg'
[0.292s] Level 1:colcon.colcon_core.package_identification:_identify(.) by extensions ['colcon_meta']
[0.292s] Level 1:colcon.colcon_core.package_identification:_identify(.) by extension 'colcon_meta'
[0.292s] Level 1:colcon.colcon_core.package_identification:_identify(.) by extensions ['ros']
[0.292s] Level 1:colcon.colcon_core.package_identification:_identify(.) by extension 'ros'
[0.301s] DEBUG:colcon.colcon_core.package_identification:Package '.' with type 'ros.ament_cmake' and name 'hkcamera_driver'
[0.301s] Level 1:colcon.colcon_core.package_discovery:discover_packages(recursive) using defaults
[0.302s] Level 1:colcon.colcon_core.package_discovery:discover_packages(ignore) discover
[0.302s] Level 1:colcon.colcon_core.package_discovery:discover_packages(ignore) using defaults
[0.302s] Level 1:colcon.colcon_core.package_discovery:discover_packages(path) discover
[0.302s] Level 1:colcon.colcon_core.package_discovery:discover_packages(path) using defaults
[0.318s] Level 1:colcon.colcon_core.package_discovery:discover_packages(prefix_path) check parameters
[0.318s] Level 1:colcon.colcon_core.package_discovery:discover_packages(prefix_path) discover
[0.320s] DEBUG:colcon.colcon_installed_package_information.package_discovery:Found 1 installed packages in /home/znbd/ROS2_driver/hkcamera_driver/install
[0.320s] DEBUG:colcon.colcon_installed_package_information.package_discovery:Found 1 installed packages in /home/znbd/applanix_ws/install
[0.322s] DEBUG:colcon.colcon_installed_package_information.package_discovery:Found 338 installed packages in /opt/ros/humble
[0.323s] Level 1:colcon.colcon_core.package_discovery:discover_packages(prefix_path) using defaults
[0.372s] Level 5:colcon.colcon_core.verb:set package 'hkcamera_driver' build argument 'cmake_args' from command line to 'None'
[0.372s] Level 5:colcon.colcon_core.verb:set package 'hkcamera_driver' build argument 'cmake_target' from command line to 'None'
[0.372s] Level 5:colcon.colcon_core.verb:set package 'hkcamera_driver' build argument 'cmake_target_skip_unavailable' from command line to 'False'
[0.372s] Level 5:colcon.colcon_core.verb:set package 'hkcamera_driver' build argument 'cmake_clean_cache' from command line to 'False'
[0.372s] Level 5:colcon.colcon_core.verb:set package 'hkcamera_driver' build argument 'cmake_clean_first' from command line to 'False'
[0.372s] Level 5:colcon.colcon_core.verb:set package 'hkcamera_driver' build argument 'cmake_force_configure' from command line to 'False'
[0.372s] Level 5:colcon.colcon_core.verb:set package 'hkcamera_driver' build argument 'ament_cmake_args' from command line to 'None'
[0.372s] Level 5:colcon.colcon_core.verb:set package 'hkcamera_driver' build argument 'catkin_cmake_args' from command line to 'None'
[0.372s] Level 5:colcon.colcon_core.verb:set package 'hkcamera_driver' build argument 'catkin_skip_building_tests' from command line to 'False'
[0.372s] DEBUG:colcon.colcon_core.verb:Building package 'hkcamera_driver' with the following arguments: {'ament_cmake_args': None, 'build_base': '/home/znbd/ROS2_driver/hkcamera_driver/build/hkcamera_driver', 'catkin_cmake_args': None, 'catkin_skip_building_tests': False, 'cmake_args': None, 'cmake_clean_cache': False, 'cmake_clean_first': False, 'cmake_force_configure': False, 'cmake_target': None, 'cmake_target_skip_unavailable': False, 'install_base': '/home/znbd/ROS2_driver/hkcamera_driver/install/hkcamera_driver', 'merge_install': False, 'path': '/home/znbd/ROS2_driver/hkcamera_driver', 'symlink_install': False, 'test_result_base': None}
[0.373s] INFO:colcon.colcon_core.executor:Executing jobs using 'parallel' executor
[0.375s] DEBUG:colcon.colcon_parallel_executor.executor.parallel:run_until_complete
[0.375s] INFO:colcon.colcon_ros.task.ament_cmake.build:Building ROS package in '/home/znbd/ROS2_driver/hkcamera_driver' with build type 'ament_cmake'
[0.375s] INFO:colcon.colcon_cmake.task.cmake.build:Building CMake package in '/home/znbd/ROS2_driver/hkcamera_driver'
[0.379s] INFO:colcon.colcon_core.plugin_system:Skipping extension 'colcon_core.shell.bat': Not used on non-Windows systems
[0.379s] INFO:colcon.colcon_core.shell:Skip shell extension 'powershell' for command environment: Not usable outside of PowerShell
[0.379s] DEBUG:colcon.colcon_core.shell:Skip shell extension 'dsv' for command environment
[0.387s] DEBUG:colcon.colcon_core.event_handler.log_command:Invoking command in '/home/znbd/ROS2_driver/hkcamera_driver/build/hkcamera_driver': CMAKE_PREFIX_PATH=${CMAKE_PREFIX_PATH}:/opt/ros/humble /usr/bin/cmake --build /home/znbd/ROS2_driver/hkcamera_driver/build/hkcamera_driver -- -j16 -l16
[5.416s] DEBUG:colcon.colcon_core.event_handler.log_command:Invoked command in '/home/znbd/ROS2_driver/hkcamera_driver/build/hkcamera_driver' returned '0': CMAKE_PREFIX_PATH=${CMAKE_PREFIX_PATH}:/opt/ros/humble /usr/bin/cmake --build /home/znbd/ROS2_driver/hkcamera_driver/build/hkcamera_driver -- -j16 -l16
[5.438s] DEBUG:colcon.colcon_core.event_handler.log_command:Invoking command in '/home/znbd/ROS2_driver/hkcamera_driver/build/hkcamera_driver': CMAKE_PREFIX_PATH=${CMAKE_PREFIX_PATH}:/opt/ros/humble /usr/bin/cmake --install /home/znbd/ROS2_driver/hkcamera_driver/build/hkcamera_driver
[5.445s] Level 1:colcon.colcon_core.environment:create_environment_scripts_only(hkcamera_driver)
[5.446s] DEBUG:colcon.colcon_core.event_handler.log_command:Invoked command in '/home/znbd/ROS2_driver/hkcamera_driver/build/hkcamera_driver' returned '0': CMAKE_PREFIX_PATH=${CMAKE_PREFIX_PATH}:/opt/ros/humble /usr/bin/cmake --install /home/znbd/ROS2_driver/hkcamera_driver/build/hkcamera_driver
[5.449s] Level 1:colcon.colcon_core.environment:checking '/home/znbd/ROS2_driver/hkcamera_driver/install/hkcamera_driver' for CMake module files
[5.449s] Level 1:colcon.colcon_core.environment:checking '/home/znbd/ROS2_driver/hkcamera_driver/install/hkcamera_driver' for CMake config files
[5.449s] Level 1:colcon.colcon_core.shell:create_environment_hook('hkcamera_driver', 'cmake_prefix_path')
[5.450s] INFO:colcon.colcon_core.shell:Creating environment hook '/home/znbd/ROS2_driver/hkcamera_driver/install/hkcamera_driver/share/hkcamera_driver/hook/cmake_prefix_path.ps1'
[5.451s] INFO:colcon.colcon_core.shell:Creating environment descriptor '/home/znbd/ROS2_driver/hkcamera_driver/install/hkcamera_driver/share/hkcamera_driver/hook/cmake_prefix_path.dsv'
[5.451s] INFO:colcon.colcon_core.shell:Creating environment hook '/home/znbd/ROS2_driver/hkcamera_driver/install/hkcamera_driver/share/hkcamera_driver/hook/cmake_prefix_path.sh'
[5.451s] Level 1:colcon.colcon_core.environment:checking '/home/znbd/ROS2_driver/hkcamera_driver/install/hkcamera_driver/lib'
[5.451s] Level 1:colcon.colcon_core.environment:checking '/home/znbd/ROS2_driver/hkcamera_driver/install/hkcamera_driver/bin'
[5.452s] Level 1:colcon.colcon_core.environment:checking '/home/znbd/ROS2_driver/hkcamera_driver/install/hkcamera_driver/lib/pkgconfig/hkcamera_driver.pc'
[5.452s] Level 1:colcon.colcon_core.environment:checking '/home/znbd/ROS2_driver/hkcamera_driver/install/hkcamera_driver/lib/python3.10/site-packages'
[5.452s] Level 1:colcon.colcon_core.environment:checking '/home/znbd/ROS2_driver/hkcamera_driver/install/hkcamera_driver/bin'
[5.453s] INFO:colcon.colcon_core.shell:Creating package script '/home/znbd/ROS2_driver/hkcamera_driver/install/hkcamera_driver/share/hkcamera_driver/package.ps1'
[5.453s] INFO:colcon.colcon_core.shell:Creating package descriptor '/home/znbd/ROS2_driver/hkcamera_driver/install/hkcamera_driver/share/hkcamera_driver/package.dsv'
[5.454s] INFO:colcon.colcon_core.shell:Creating package script '/home/znbd/ROS2_driver/hkcamera_driver/install/hkcamera_driver/share/hkcamera_driver/package.sh'
[5.454s] INFO:colcon.colcon_core.shell:Creating package script '/home/znbd/ROS2_driver/hkcamera_driver/install/hkcamera_driver/share/hkcamera_driver/package.bash'
[5.455s] INFO:colcon.colcon_core.shell:Creating package script '/home/znbd/ROS2_driver/hkcamera_driver/install/hkcamera_driver/share/hkcamera_driver/package.zsh'
[5.455s] Level 1:colcon.colcon_core.environment:create_file_with_runtime_dependencies(/home/znbd/ROS2_driver/hkcamera_driver/install/hkcamera_driver/share/colcon-core/packages/hkcamera_driver)
[5.473s] Level 1:colcon.colcon_core.environment:create_environment_scripts_only(hkcamera_driver)
[5.474s] Level 1:colcon.colcon_core.environment:checking '/home/znbd/ROS2_driver/hkcamera_driver/install/hkcamera_driver' for CMake module files
[5.474s] Level 1:colcon.colcon_core.environment:checking '/home/znbd/ROS2_driver/hkcamera_driver/install/hkcamera_driver' for CMake config files
[5.475s] Level 1:colcon.colcon_core.shell:create_environment_hook('hkcamera_driver', 'cmake_prefix_path')
[5.475s] INFO:colcon.colcon_core.shell:Creating environment hook '/home/znbd/ROS2_driver/hkcamera_driver/install/hkcamera_driver/share/hkcamera_driver/hook/cmake_prefix_path.ps1'
[5.476s] INFO:colcon.colcon_core.shell:Creating environment descriptor '/home/znbd/ROS2_driver/hkcamera_driver/install/hkcamera_driver/share/hkcamera_driver/hook/cmake_prefix_path.dsv'
[5.476s] INFO:colcon.colcon_core.shell:Creating environment hook '/home/znbd/ROS2_driver/hkcamera_driver/install/hkcamera_driver/share/hkcamera_driver/hook/cmake_prefix_path.sh'
[5.476s] Level 1:colcon.colcon_core.environment:checking '/home/znbd/ROS2_driver/hkcamera_driver/install/hkcamera_driver/lib'
[5.476s] Level 1:colcon.colcon_core.environment:checking '/home/znbd/ROS2_driver/hkcamera_driver/install/hkcamera_driver/bin'
[5.476s] Level 1:colcon.colcon_core.environment:checking '/home/znbd/ROS2_driver/hkcamera_driver/install/hkcamera_driver/lib/pkgconfig/hkcamera_driver.pc'
[5.477s] Level 1:colcon.colcon_core.environment:checking '/home/znbd/ROS2_driver/hkcamera_driver/install/hkcamera_driver/lib/python3.10/site-packages'
[5.477s] Level 1:colcon.colcon_core.environment:checking '/home/znbd/ROS2_driver/hkcamera_driver/install/hkcamera_driver/bin'
[5.478s] INFO:colcon.colcon_core.shell:Creating package script '/home/znbd/ROS2_driver/hkcamera_driver/install/hkcamera_driver/share/hkcamera_driver/package.ps1'
[5.478s] INFO:colcon.colcon_core.shell:Creating package descriptor '/home/znbd/ROS2_driver/hkcamera_driver/install/hkcamera_driver/share/hkcamera_driver/package.dsv'
[5.479s] INFO:colcon.colcon_core.shell:Creating package script '/home/znbd/ROS2_driver/hkcamera_driver/install/hkcamera_driver/share/hkcamera_driver/package.sh'
[5.479s] INFO:colcon.colcon_core.shell:Creating package script '/home/znbd/ROS2_driver/hkcamera_driver/install/hkcamera_driver/share/hkcamera_driver/package.bash'
[5.479s] INFO:colcon.colcon_core.shell:Creating package script '/home/znbd/ROS2_driver/hkcamera_driver/install/hkcamera_driver/share/hkcamera_driver/package.zsh'
[5.479s] Level 1:colcon.colcon_core.environment:create_file_with_runtime_dependencies(/home/znbd/ROS2_driver/hkcamera_driver/install/hkcamera_driver/share/colcon-core/packages/hkcamera_driver)
[5.480s] DEBUG:colcon.colcon_parallel_executor.executor.parallel:closing loop
[5.480s] DEBUG:colcon.colcon_parallel_executor.executor.parallel:loop closed
[5.480s] DEBUG:colcon.colcon_parallel_executor.executor.parallel:run_until_complete finished with '0'
[5.480s] DEBUG:colcon.colcon_core.event_reactor:joining thread
[5.484s] INFO:colcon.colcon_core.plugin_system:Skipping extension 'colcon_notification.desktop_notification.terminal_notifier': Not used on non-Darwin systems
[5.484s] INFO:colcon.colcon_core.plugin_system:Skipping extension 'colcon_notification.desktop_notification.win32': Not used on non-Windows systems
[5.484s] INFO:colcon.colcon_notification.desktop_notification:Sending desktop notification using 'notify2'
[5.492s] DEBUG:colcon.colcon_core.event_reactor:joined thread
[5.493s] INFO:colcon.colcon_core.shell:Creating prefix script '/home/znbd/ROS2_driver/hkcamera_driver/install/local_setup.ps1'
[5.494s] INFO:colcon.colcon_core.shell:Creating prefix util module '/home/znbd/ROS2_driver/hkcamera_driver/install/_local_setup_util_ps1.py'
[5.495s] INFO:colcon.colcon_core.shell:Creating prefix chain script '/home/znbd/ROS2_driver/hkcamera_driver/install/setup.ps1'
[5.496s] INFO:colcon.colcon_core.shell:Creating prefix script '/home/znbd/ROS2_driver/hkcamera_driver/install/local_setup.sh'
[5.497s] INFO:colcon.colcon_core.shell:Creating prefix util module '/home/znbd/ROS2_driver/hkcamera_driver/install/_local_setup_util_sh.py'
[5.498s] INFO:colcon.colcon_core.shell:Creating prefix chain script '/home/znbd/ROS2_driver/hkcamera_driver/install/setup.sh'
[5.499s] INFO:colcon.colcon_core.shell:Creating prefix script '/home/znbd/ROS2_driver/hkcamera_driver/install/local_setup.bash'
[5.499s] INFO:colcon.colcon_core.shell:Creating prefix chain script '/home/znbd/ROS2_driver/hkcamera_driver/install/setup.bash'
[5.500s] INFO:colcon.colcon_core.shell:Creating prefix script '/home/znbd/ROS2_driver/hkcamera_driver/install/local_setup.zsh'
[5.501s] INFO:colcon.colcon_core.shell:Creating prefix chain script '/home/znbd/ROS2_driver/hkcamera_driver/install/setup.zsh'
