[0.010s] Invoking command in '/home/znbd/ROS2_driver/hkcamera_driver/build/hkcamera_driver': CMAKE_PREFIX_PATH=${CMAKE_PREFIX_PATH}:/opt/ros/humble /usr/bin/cmake --build /home/znbd/ROS2_driver/hkcamera_driver/build/hkcamera_driver -- -j16 -l16
[0.025s] -- Found ament_cmake: 1.3.3 (/opt/ros/humble/share/ament_cmake/cmake)
[0.125s] -- Found rclcpp: 16.0.3 (/opt/ros/humble/share/rclcpp/cmake)
[0.147s] -- Found rosidl_generator_c: 3.1.4 (/opt/ros/humble/share/rosidl_generator_c/cmake)
[0.148s] -- Found rosidl_adapter: 3.1.4 (/opt/ros/humble/share/rosidl_adapter/cmake)
[0.153s] -- Found rosidl_generator_cpp: 3.1.4 (/opt/ros/humble/share/rosidl_generator_cpp/cmake)
[0.168s] -- Using all available rosidl_typesupport_c: rosidl_typesupport_fastrtps_c;rosidl_typesupport_introspection_c
[0.187s] -- Using all available rosidl_typesupport_cpp: rosidl_typesupport_fastrtps_cpp;rosidl_typesupport_introspection_cpp
[0.238s] -- Found rmw_implementation_cmake: 6.1.1 (/opt/ros/humble/share/rmw_implementation_cmake/cmake)
[0.239s] -- Found rmw_cyclonedds_cpp: 1.3.4 (/opt/ros/humble/share/rmw_cyclonedds_cpp/cmake)
[0.261s] -- Using RMW implementation 'rmw_cyclonedds_cpp' as default
[0.385s] -- Found sensor_msgs: 4.2.3 (/opt/ros/humble/share/sensor_msgs/cmake)
[0.484s] -- Found image_transport: 3.1.5 (/opt/ros/humble/share/image_transport/cmake)
[0.516s] -- Found cv_bridge: 3.2.1 (/opt/ros/humble/share/cv_bridge/cmake)
[0.527s] -- Found ament_lint_auto: 0.12.5 (/opt/ros/humble/share/ament_lint_auto/cmake)
[0.587s] -- Added test 'cppcheck' to perform static code analysis on C / C++ code
[0.587s] -- Configured cppcheck include dirs: /home/znbd/ROS2_driver/hkcamera_driver/include
[0.587s] -- Configured cppcheck exclude dirs and/or files: 
[0.589s] -- Added test 'flake8' to check Python code syntax and style conventions
[0.592s] -- Added test 'lint_cmake' to check CMake code style
[0.593s] -- Added test 'pep257' to check Python code against some of the docstring style conventions in PEP 257
[0.604s] -- Added test 'uncrustify' to check C / C++ code style
[0.604s] -- Configured uncrustify additional arguments: 
[0.605s] -- Added test 'xmllint' to check XML markup files
[0.606s] -- Configuring done
[0.669s] -- Generating done
[0.671s] -- Build files have been written to: /home/znbd/ROS2_driver/hkcamera_driver/build/hkcamera_driver
[0.691s] [35m[1mConsolidate compiler generated dependencies of target single_cam_node[0m
[0.706s] [100%] Built target single_cam_node
[0.713s] Invoked command in '/home/znbd/ROS2_driver/hkcamera_driver/build/hkcamera_driver' returned '0': CMAKE_PREFIX_PATH=${CMAKE_PREFIX_PATH}:/opt/ros/humble /usr/bin/cmake --build /home/znbd/ROS2_driver/hkcamera_driver/build/hkcamera_driver -- -j16 -l16
[0.732s] Invoking command in '/home/znbd/ROS2_driver/hkcamera_driver/build/hkcamera_driver': CMAKE_PREFIX_PATH=${CMAKE_PREFIX_PATH}:/opt/ros/humble /usr/bin/cmake --install /home/znbd/ROS2_driver/hkcamera_driver/build/hkcamera_driver
[0.736s] -- Install configuration: ""
[0.736s] -- Up-to-date: /home/znbd/ROS2_driver/hkcamera_driver/install/hkcamera_driver/lib/hkcamera_driver/single_cam_node
[0.736s] -- Up-to-date: /home/znbd/ROS2_driver/hkcamera_driver/install/hkcamera_driver/share/ament_index/resource_index/package_run_dependencies/hkcamera_driver
[0.737s] -- Installing: /home/znbd/ROS2_driver/hkcamera_driver/install/hkcamera_driver/share/ament_index/resource_index/parent_prefix_path/hkcamera_driver
[0.737s] -- Up-to-date: /home/znbd/ROS2_driver/hkcamera_driver/install/hkcamera_driver/share/hkcamera_driver/environment/ament_prefix_path.sh
[0.737s] -- Installing: /home/znbd/ROS2_driver/hkcamera_driver/install/hkcamera_driver/share/hkcamera_driver/environment/ament_prefix_path.dsv
[0.737s] -- Up-to-date: /home/znbd/ROS2_driver/hkcamera_driver/install/hkcamera_driver/share/hkcamera_driver/environment/path.sh
[0.737s] -- Installing: /home/znbd/ROS2_driver/hkcamera_driver/install/hkcamera_driver/share/hkcamera_driver/environment/path.dsv
[0.737s] -- Up-to-date: /home/znbd/ROS2_driver/hkcamera_driver/install/hkcamera_driver/share/hkcamera_driver/local_setup.bash
[0.737s] -- Up-to-date: /home/znbd/ROS2_driver/hkcamera_driver/install/hkcamera_driver/share/hkcamera_driver/local_setup.sh
[0.737s] -- Up-to-date: /home/znbd/ROS2_driver/hkcamera_driver/install/hkcamera_driver/share/hkcamera_driver/local_setup.zsh
[0.737s] -- Installing: /home/znbd/ROS2_driver/hkcamera_driver/install/hkcamera_driver/share/hkcamera_driver/local_setup.dsv
[0.737s] -- Installing: /home/znbd/ROS2_driver/hkcamera_driver/install/hkcamera_driver/share/hkcamera_driver/package.dsv
[0.737s] -- Up-to-date: /home/znbd/ROS2_driver/hkcamera_driver/install/hkcamera_driver/share/ament_index/resource_index/packages/hkcamera_driver
[0.737s] -- Up-to-date: /home/znbd/ROS2_driver/hkcamera_driver/install/hkcamera_driver/share/hkcamera_driver/cmake/hkcamera_driverConfig.cmake
[0.737s] -- Up-to-date: /home/znbd/ROS2_driver/hkcamera_driver/install/hkcamera_driver/share/hkcamera_driver/cmake/hkcamera_driverConfig-version.cmake
[0.737s] -- Up-to-date: /home/znbd/ROS2_driver/hkcamera_driver/install/hkcamera_driver/share/hkcamera_driver/package.xml
[0.738s] Invoked command in '/home/znbd/ROS2_driver/hkcamera_driver/build/hkcamera_driver' returned '0': CMAKE_PREFIX_PATH=${CMAKE_PREFIX_PATH}:/opt/ros/humble /usr/bin/cmake --install /home/znbd/ROS2_driver/hkcamera_driver/build/hkcamera_driver
