[35m[1mConsolidate compiler generated dependencies of target single_cam_node[0m
[ 50%] [32mBuilding CXX object CMakeFiles/single_cam_node.dir/src/single_cam_node.cpp.o[0m
[100%] [32m[1mLinking CXX executable single_cam_node[0m
[100%] Built target single_cam_node
-- Install configuration: ""
-- Installing: /home/znbd/ROS2_driver/hkcamera_driver/install/hkcamera_driver/lib/hkcamera_driver/single_cam_node
-- Set runtime path of "/home/znbd/ROS2_driver/hkcamera_driver/install/hkcamera_driver/lib/hkcamera_driver/single_cam_node" to ""
-- Up-to-date: /home/znbd/ROS2_driver/hkcamera_driver/install/hkcamera_driver/share/ament_index/resource_index/package_run_dependencies/hkcamera_driver
-- Up-to-date: /home/znbd/ROS2_driver/hkcamera_driver/install/hkcamera_driver/share/ament_index/resource_index/parent_prefix_path/hkcamera_driver
-- Up-to-date: /home/znbd/ROS2_driver/hkcamera_driver/install/hkcamera_driver/share/hkcamera_driver/environment/ament_prefix_path.sh
-- Up-to-date: /home/znbd/ROS2_driver/hkcamera_driver/install/hkcamera_driver/share/hkcamera_driver/environment/ament_prefix_path.dsv
-- Up-to-date: /home/znbd/ROS2_driver/hkcamera_driver/install/hkcamera_driver/share/hkcamera_driver/environment/path.sh
-- Up-to-date: /home/znbd/ROS2_driver/hkcamera_driver/install/hkcamera_driver/share/hkcamera_driver/environment/path.dsv
-- Up-to-date: /home/znbd/ROS2_driver/hkcamera_driver/install/hkcamera_driver/share/hkcamera_driver/local_setup.bash
-- Up-to-date: /home/znbd/ROS2_driver/hkcamera_driver/install/hkcamera_driver/share/hkcamera_driver/local_setup.sh
-- Up-to-date: /home/znbd/ROS2_driver/hkcamera_driver/install/hkcamera_driver/share/hkcamera_driver/local_setup.zsh
-- Up-to-date: /home/znbd/ROS2_driver/hkcamera_driver/install/hkcamera_driver/share/hkcamera_driver/local_setup.dsv
-- Installing: /home/znbd/ROS2_driver/hkcamera_driver/install/hkcamera_driver/share/hkcamera_driver/package.dsv
-- Up-to-date: /home/znbd/ROS2_driver/hkcamera_driver/install/hkcamera_driver/share/ament_index/resource_index/packages/hkcamera_driver
-- Up-to-date: /home/znbd/ROS2_driver/hkcamera_driver/install/hkcamera_driver/share/hkcamera_driver/cmake/hkcamera_driverConfig.cmake
-- Up-to-date: /home/znbd/ROS2_driver/hkcamera_driver/install/hkcamera_driver/share/hkcamera_driver/cmake/hkcamera_driverConfig-version.cmake
-- Up-to-date: /home/znbd/ROS2_driver/hkcamera_driver/install/hkcamera_driver/share/hkcamera_driver/package.xml
