[0.283s] DEBUG:colcon:Command line arguments: ['/usr/bin/colcon', 'build']
[0.284s] DEBUG:colcon:Parsed command line arguments: Namespace(log_base=None, log_level=None, verb_name='build', build_base='build', install_base='install', merge_install=False, symlink_install=False, test_result_base=None, continue_on_error=False, executor='parallel', parallel_workers=16, event_handlers=None, ignore_user_meta=False, metas=['./colcon.meta'], base_paths=['.'], packages_ignore=None, packages_ignore_regex=None, paths=None, packages_up_to=None, packages_up_to_regex=None, packages_above=None, packages_above_and_dependencies=None, packages_above_depth=None, packages_select_by_dep=None, packages_skip_by_dep=None, packages_skip_up_to=None, packages_select_build_failed=False, packages_skip_build_finished=False, packages_select_test_failures=False, packages_skip_test_passed=False, packages_select=None, packages_skip=None, packages_select_regex=None, packages_skip_regex=None, packages_start=None, packages_end=None, allow_overriding=[], cmake_args=None, cmake_target=None, cmake_target_skip_unavailable=False, cmake_clean_cache=False, cmake_clean_first=False, cmake_force_configure=False, ament_cmake_args=None, catkin_cmake_args=None, catkin_skip_building_tests=False, mixin_files=None, mixin=None, verb_parser=<colcon_mixin.mixin.mixin_argument.MixinArgumentDecorator object at 0x7f06d4eae830>, verb_extension=<colcon_core.verb.build.BuildVerb object at 0x7f06d58bdae0>, main=<bound method BuildVerb.main of <colcon_core.verb.build.BuildVerb object at 0x7f06d58bdae0>>, mixin_verb=('build',))
[0.302s] Level 1:colcon.colcon_core.package_discovery:discover_packages(colcon_meta) check parameters
[0.302s] Level 1:colcon.colcon_core.package_discovery:discover_packages(recursive) check parameters
[0.302s] Level 1:colcon.colcon_core.package_discovery:discover_packages(ignore) check parameters
[0.302s] Level 1:colcon.colcon_core.package_discovery:discover_packages(path) check parameters
[0.302s] Level 1:colcon.colcon_core.package_discovery:discover_packages(colcon_meta) discover
[0.302s] Level 1:colcon.colcon_core.package_discovery:discover_packages(recursive) discover
[0.302s] INFO:colcon.colcon_core.package_discovery:Crawling recursively for packages in '/home/znbd/ROS2_driver/hkcamera_driver'
[0.302s] Level 1:colcon.colcon_core.package_identification:_identify(.) by extensions ['ignore', 'ignore_ament_install']
[0.302s] Level 1:colcon.colcon_core.package_identification:_identify(.) by extension 'ignore'
[0.302s] Level 1:colcon.colcon_core.package_identification:_identify(.) by extension 'ignore_ament_install'
[0.303s] Level 1:colcon.colcon_core.package_identification:_identify(.) by extensions ['colcon_pkg']
[0.303s] Level 1:colcon.colcon_core.package_identification:_identify(.) by extension 'colcon_pkg'
[0.303s] Level 1:colcon.colcon_core.package_identification:_identify(.) by extensions ['colcon_meta']
[0.303s] Level 1:colcon.colcon_core.package_identification:_identify(.) by extension 'colcon_meta'
[0.303s] Level 1:colcon.colcon_core.package_identification:_identify(.) by extensions ['ros']
[0.303s] Level 1:colcon.colcon_core.package_identification:_identify(.) by extension 'ros'
[0.312s] DEBUG:colcon.colcon_core.package_identification:Package '.' with type 'ros.ament_cmake' and name 'hkcamera_driver'
[0.313s] Level 1:colcon.colcon_core.package_discovery:discover_packages(recursive) using defaults
[0.313s] Level 1:colcon.colcon_core.package_discovery:discover_packages(ignore) discover
[0.313s] Level 1:colcon.colcon_core.package_discovery:discover_packages(ignore) using defaults
[0.313s] Level 1:colcon.colcon_core.package_discovery:discover_packages(path) discover
[0.313s] Level 1:colcon.colcon_core.package_discovery:discover_packages(path) using defaults
[0.329s] Level 1:colcon.colcon_core.package_discovery:discover_packages(prefix_path) check parameters
[0.329s] Level 1:colcon.colcon_core.package_discovery:discover_packages(prefix_path) discover
[0.331s] DEBUG:colcon.colcon_installed_package_information.package_discovery:Found 1 installed packages in /home/znbd/ROS2_driver/hkcamera_driver/install
[0.332s] DEBUG:colcon.colcon_installed_package_information.package_discovery:Found 1 installed packages in /home/znbd/applanix_ws/install
[0.333s] DEBUG:colcon.colcon_installed_package_information.package_discovery:Found 338 installed packages in /opt/ros/humble
[0.334s] Level 1:colcon.colcon_core.package_discovery:discover_packages(prefix_path) using defaults
[0.384s] Level 5:colcon.colcon_core.verb:set package 'hkcamera_driver' build argument 'cmake_args' from command line to 'None'
[0.384s] Level 5:colcon.colcon_core.verb:set package 'hkcamera_driver' build argument 'cmake_target' from command line to 'None'
[0.384s] Level 5:colcon.colcon_core.verb:set package 'hkcamera_driver' build argument 'cmake_target_skip_unavailable' from command line to 'False'
[0.384s] Level 5:colcon.colcon_core.verb:set package 'hkcamera_driver' build argument 'cmake_clean_cache' from command line to 'False'
[0.384s] Level 5:colcon.colcon_core.verb:set package 'hkcamera_driver' build argument 'cmake_clean_first' from command line to 'False'
[0.384s] Level 5:colcon.colcon_core.verb:set package 'hkcamera_driver' build argument 'cmake_force_configure' from command line to 'False'
[0.384s] Level 5:colcon.colcon_core.verb:set package 'hkcamera_driver' build argument 'ament_cmake_args' from command line to 'None'
[0.385s] Level 5:colcon.colcon_core.verb:set package 'hkcamera_driver' build argument 'catkin_cmake_args' from command line to 'None'
[0.385s] Level 5:colcon.colcon_core.verb:set package 'hkcamera_driver' build argument 'catkin_skip_building_tests' from command line to 'False'
[0.385s] DEBUG:colcon.colcon_core.verb:Building package 'hkcamera_driver' with the following arguments: {'ament_cmake_args': None, 'build_base': '/home/znbd/ROS2_driver/hkcamera_driver/build/hkcamera_driver', 'catkin_cmake_args': None, 'catkin_skip_building_tests': False, 'cmake_args': None, 'cmake_clean_cache': False, 'cmake_clean_first': False, 'cmake_force_configure': False, 'cmake_target': None, 'cmake_target_skip_unavailable': False, 'install_base': '/home/znbd/ROS2_driver/hkcamera_driver/install/hkcamera_driver', 'merge_install': False, 'path': '/home/znbd/ROS2_driver/hkcamera_driver', 'symlink_install': False, 'test_result_base': None}
[0.385s] INFO:colcon.colcon_core.executor:Executing jobs using 'parallel' executor
[0.387s] DEBUG:colcon.colcon_parallel_executor.executor.parallel:run_until_complete
[0.387s] INFO:colcon.colcon_ros.task.ament_cmake.build:Building ROS package in '/home/znbd/ROS2_driver/hkcamera_driver' with build type 'ament_cmake'
[0.388s] INFO:colcon.colcon_cmake.task.cmake.build:Building CMake package in '/home/znbd/ROS2_driver/hkcamera_driver'
[0.391s] INFO:colcon.colcon_core.plugin_system:Skipping extension 'colcon_core.shell.bat': Not used on non-Windows systems
[0.391s] INFO:colcon.colcon_core.shell:Skip shell extension 'powershell' for command environment: Not usable outside of PowerShell
[0.391s] DEBUG:colcon.colcon_core.shell:Skip shell extension 'dsv' for command environment
[0.399s] DEBUG:colcon.colcon_core.event_handler.log_command:Invoking command in '/home/znbd/ROS2_driver/hkcamera_driver/build/hkcamera_driver': CMAKE_PREFIX_PATH=${CMAKE_PREFIX_PATH}:/opt/ros/humble /usr/bin/cmake --build /home/znbd/ROS2_driver/hkcamera_driver/build/hkcamera_driver -- -j16 -l16
[4.144s] DEBUG:colcon.colcon_core.event_handler.log_command:Invoked command in '/home/znbd/ROS2_driver/hkcamera_driver/build/hkcamera_driver' returned '0': CMAKE_PREFIX_PATH=${CMAKE_PREFIX_PATH}:/opt/ros/humble /usr/bin/cmake --build /home/znbd/ROS2_driver/hkcamera_driver/build/hkcamera_driver -- -j16 -l16
[4.165s] DEBUG:colcon.colcon_core.event_handler.log_command:Invoking command in '/home/znbd/ROS2_driver/hkcamera_driver/build/hkcamera_driver': CMAKE_PREFIX_PATH=${CMAKE_PREFIX_PATH}:/opt/ros/humble /usr/bin/cmake --install /home/znbd/ROS2_driver/hkcamera_driver/build/hkcamera_driver
[4.171s] Level 1:colcon.colcon_core.environment:create_environment_scripts_only(hkcamera_driver)
[4.172s] DEBUG:colcon.colcon_core.event_handler.log_command:Invoked command in '/home/znbd/ROS2_driver/hkcamera_driver/build/hkcamera_driver' returned '0': CMAKE_PREFIX_PATH=${CMAKE_PREFIX_PATH}:/opt/ros/humble /usr/bin/cmake --install /home/znbd/ROS2_driver/hkcamera_driver/build/hkcamera_driver
[4.175s] Level 1:colcon.colcon_core.environment:checking '/home/znbd/ROS2_driver/hkcamera_driver/install/hkcamera_driver' for CMake module files
[4.175s] Level 1:colcon.colcon_core.environment:checking '/home/znbd/ROS2_driver/hkcamera_driver/install/hkcamera_driver' for CMake config files
[4.176s] Level 1:colcon.colcon_core.shell:create_environment_hook('hkcamera_driver', 'cmake_prefix_path')
[4.177s] INFO:colcon.colcon_core.shell:Creating environment hook '/home/znbd/ROS2_driver/hkcamera_driver/install/hkcamera_driver/share/hkcamera_driver/hook/cmake_prefix_path.ps1'
[4.177s] INFO:colcon.colcon_core.shell:Creating environment descriptor '/home/znbd/ROS2_driver/hkcamera_driver/install/hkcamera_driver/share/hkcamera_driver/hook/cmake_prefix_path.dsv'
[4.177s] INFO:colcon.colcon_core.shell:Creating environment hook '/home/znbd/ROS2_driver/hkcamera_driver/install/hkcamera_driver/share/hkcamera_driver/hook/cmake_prefix_path.sh'
[4.178s] Level 1:colcon.colcon_core.environment:checking '/home/znbd/ROS2_driver/hkcamera_driver/install/hkcamera_driver/lib'
[4.178s] Level 1:colcon.colcon_core.environment:checking '/home/znbd/ROS2_driver/hkcamera_driver/install/hkcamera_driver/bin'
[4.178s] Level 1:colcon.colcon_core.environment:checking '/home/znbd/ROS2_driver/hkcamera_driver/install/hkcamera_driver/lib/pkgconfig/hkcamera_driver.pc'
[4.178s] Level 1:colcon.colcon_core.environment:checking '/home/znbd/ROS2_driver/hkcamera_driver/install/hkcamera_driver/lib/python3.10/site-packages'
[4.178s] Level 1:colcon.colcon_core.environment:checking '/home/znbd/ROS2_driver/hkcamera_driver/install/hkcamera_driver/bin'
[4.179s] INFO:colcon.colcon_core.shell:Creating package script '/home/znbd/ROS2_driver/hkcamera_driver/install/hkcamera_driver/share/hkcamera_driver/package.ps1'
[4.180s] INFO:colcon.colcon_core.shell:Creating package descriptor '/home/znbd/ROS2_driver/hkcamera_driver/install/hkcamera_driver/share/hkcamera_driver/package.dsv'
[4.180s] INFO:colcon.colcon_core.shell:Creating package script '/home/znbd/ROS2_driver/hkcamera_driver/install/hkcamera_driver/share/hkcamera_driver/package.sh'
[4.181s] INFO:colcon.colcon_core.shell:Creating package script '/home/znbd/ROS2_driver/hkcamera_driver/install/hkcamera_driver/share/hkcamera_driver/package.bash'
[4.181s] INFO:colcon.colcon_core.shell:Creating package script '/home/znbd/ROS2_driver/hkcamera_driver/install/hkcamera_driver/share/hkcamera_driver/package.zsh'
[4.182s] Level 1:colcon.colcon_core.environment:create_file_with_runtime_dependencies(/home/znbd/ROS2_driver/hkcamera_driver/install/hkcamera_driver/share/colcon-core/packages/hkcamera_driver)
[4.197s] Level 1:colcon.colcon_core.environment:create_environment_scripts_only(hkcamera_driver)
[4.199s] Level 1:colcon.colcon_core.environment:checking '/home/znbd/ROS2_driver/hkcamera_driver/install/hkcamera_driver' for CMake module files
[4.199s] Level 1:colcon.colcon_core.environment:checking '/home/znbd/ROS2_driver/hkcamera_driver/install/hkcamera_driver' for CMake config files
[4.199s] Level 1:colcon.colcon_core.shell:create_environment_hook('hkcamera_driver', 'cmake_prefix_path')
[4.200s] INFO:colcon.colcon_core.shell:Creating environment hook '/home/znbd/ROS2_driver/hkcamera_driver/install/hkcamera_driver/share/hkcamera_driver/hook/cmake_prefix_path.ps1'
[4.200s] INFO:colcon.colcon_core.shell:Creating environment descriptor '/home/znbd/ROS2_driver/hkcamera_driver/install/hkcamera_driver/share/hkcamera_driver/hook/cmake_prefix_path.dsv'
[4.201s] INFO:colcon.colcon_core.shell:Creating environment hook '/home/znbd/ROS2_driver/hkcamera_driver/install/hkcamera_driver/share/hkcamera_driver/hook/cmake_prefix_path.sh'
[4.201s] Level 1:colcon.colcon_core.environment:checking '/home/znbd/ROS2_driver/hkcamera_driver/install/hkcamera_driver/lib'
[4.201s] Level 1:colcon.colcon_core.environment:checking '/home/znbd/ROS2_driver/hkcamera_driver/install/hkcamera_driver/bin'
[4.201s] Level 1:colcon.colcon_core.environment:checking '/home/znbd/ROS2_driver/hkcamera_driver/install/hkcamera_driver/lib/pkgconfig/hkcamera_driver.pc'
[4.201s] Level 1:colcon.colcon_core.environment:checking '/home/znbd/ROS2_driver/hkcamera_driver/install/hkcamera_driver/lib/python3.10/site-packages'
[4.202s] Level 1:colcon.colcon_core.environment:checking '/home/znbd/ROS2_driver/hkcamera_driver/install/hkcamera_driver/bin'
[4.202s] INFO:colcon.colcon_core.shell:Creating package script '/home/znbd/ROS2_driver/hkcamera_driver/install/hkcamera_driver/share/hkcamera_driver/package.ps1'
[4.203s] INFO:colcon.colcon_core.shell:Creating package descriptor '/home/znbd/ROS2_driver/hkcamera_driver/install/hkcamera_driver/share/hkcamera_driver/package.dsv'
[4.203s] INFO:colcon.colcon_core.shell:Creating package script '/home/znbd/ROS2_driver/hkcamera_driver/install/hkcamera_driver/share/hkcamera_driver/package.sh'
[4.203s] INFO:colcon.colcon_core.shell:Creating package script '/home/znbd/ROS2_driver/hkcamera_driver/install/hkcamera_driver/share/hkcamera_driver/package.bash'
[4.204s] INFO:colcon.colcon_core.shell:Creating package script '/home/znbd/ROS2_driver/hkcamera_driver/install/hkcamera_driver/share/hkcamera_driver/package.zsh'
[4.204s] Level 1:colcon.colcon_core.environment:create_file_with_runtime_dependencies(/home/znbd/ROS2_driver/hkcamera_driver/install/hkcamera_driver/share/colcon-core/packages/hkcamera_driver)
[4.204s] DEBUG:colcon.colcon_parallel_executor.executor.parallel:closing loop
[4.204s] DEBUG:colcon.colcon_parallel_executor.executor.parallel:loop closed
[4.204s] DEBUG:colcon.colcon_parallel_executor.executor.parallel:run_until_complete finished with '0'
[4.204s] DEBUG:colcon.colcon_core.event_reactor:joining thread
[4.208s] INFO:colcon.colcon_core.plugin_system:Skipping extension 'colcon_notification.desktop_notification.terminal_notifier': Not used on non-Darwin systems
[4.208s] INFO:colcon.colcon_core.plugin_system:Skipping extension 'colcon_notification.desktop_notification.win32': Not used on non-Windows systems
[4.208s] INFO:colcon.colcon_notification.desktop_notification:Sending desktop notification using 'notify2'
[4.218s] DEBUG:colcon.colcon_core.event_reactor:joined thread
[4.219s] INFO:colcon.colcon_core.shell:Creating prefix script '/home/znbd/ROS2_driver/hkcamera_driver/install/local_setup.ps1'
[4.220s] INFO:colcon.colcon_core.shell:Creating prefix util module '/home/znbd/ROS2_driver/hkcamera_driver/install/_local_setup_util_ps1.py'
[4.221s] INFO:colcon.colcon_core.shell:Creating prefix chain script '/home/znbd/ROS2_driver/hkcamera_driver/install/setup.ps1'
[4.223s] INFO:colcon.colcon_core.shell:Creating prefix script '/home/znbd/ROS2_driver/hkcamera_driver/install/local_setup.sh'
[4.224s] INFO:colcon.colcon_core.shell:Creating prefix util module '/home/znbd/ROS2_driver/hkcamera_driver/install/_local_setup_util_sh.py'
[4.224s] INFO:colcon.colcon_core.shell:Creating prefix chain script '/home/znbd/ROS2_driver/hkcamera_driver/install/setup.sh'
[4.225s] INFO:colcon.colcon_core.shell:Creating prefix script '/home/znbd/ROS2_driver/hkcamera_driver/install/local_setup.bash'
[4.225s] INFO:colcon.colcon_core.shell:Creating prefix chain script '/home/znbd/ROS2_driver/hkcamera_driver/install/setup.bash'
[4.226s] INFO:colcon.colcon_core.shell:Creating prefix script '/home/znbd/ROS2_driver/hkcamera_driver/install/local_setup.zsh'
[4.226s] INFO:colcon.colcon_core.shell:Creating prefix chain script '/home/znbd/ROS2_driver/hkcamera_driver/install/setup.zsh'
